app/build/outputs/logs/manifest-merger-debug-report.txt
-- Merging decision tree log ---
manifest
ADDED from src\main\AndroidManifest.xml:2:1-77:12
INJECTED from src\main\AndroidManifest.xml:2:1-77:12
INJECTED from src\main\AndroidManifest.xml:2:1-77:12
INJECTED from src\main\AndroidManifest.xml:2:1-77:12
MERGED from [com.lxj:xpopup:1.8.8] AndroidManifest.xml:2:1-11:12
MERGED from [com.android.support:design:28.0.0] AndroidManifest.xml:17:1-24:12
MERGED from [com.lxj:easyadapter:1.1.1] AndroidManifest.xml:2:1-11:12
MERGED from [com.lxj:xpermission:1.0.1] AndroidManifest.xml:2:1-22:12
MERGED from [com.android.support:appcompat-v7:28.0.0] AndroidManifest.xml:17:1-22:12
MERGED from [com.android.support:recyclerview-v7:28.0.0] AndroidManifest.xml:17:1-22:12
MERGED from [com.android.support:support-fragment:28.0.0] AndroidManifest.xml:17:1-22:12
MERGED from [com.android.support:animated-vector-drawable:28.0.0] AndroidManifest.xml:17:1-22:12
MERGED from [com.android.support:support-core-ui:28.0.0] AndroidManifest.xml:17:1-22:12
MERGED from [com.android.support:support-core-utils:28.0.0] AndroidManifest.xml:17:1-22:12
MERGED from [com.android.support:support-vector-drawable:28.0.0] AndroidManifest.xml:17:1-22:12
MERGED from [com.android.support:loader:28.0.0] AndroidManifest.xml:17:1-22:12
MERGED from [com.android.support:transition:28.0.0] AndroidManifest.xml:17:1-22:12
MERGED from [com.android.support:viewpager:28.0.0] AndroidManifest.xml:17:1-22:12
MERGED from [com.android.support:coordinatorlayout:28.0.0] AndroidManifest.xml:17:1-22:12
MERGED from [com.android.support:drawerlayout:28.0.0] AndroidManifest.xml:17:1-22:12
MERGED from [com.android.support:slidingpanelayout:28.0.0] AndroidManifest.xml:17:1-22:12
MERGED from [com.android.support:customview:28.0.0] AndroidManifest.xml:17:1-22:12
MERGED from [com.android.support:swiperefreshlayout:28.0.0] AndroidManifest.xml:17:1-22:12
MERGED from [com.android.support:asynclayoutinflater:28.0.0] AndroidManifest.xml:17:1-22:12
MERGED from [com.android.support:support-compat:28.0.0] AndroidManifest.xml:17:1-24:12
MERGED from [com.android.support:versionedparcelable:28.0.0] AndroidManifest.xml:17:1-25:12
MERGED from [com.android.support:cursoradapter:28.0.0] AndroidManifest.xml:17:1-22:12
MERGED from [android.arch.lifecycle:runtime:1.1.1] AndroidManifest.xml:17:1-22:12
MERGED from [com.android.support:documentfile:28.0.0] AndroidManifest.xml:17:1-22:12
MERGED from [com.android.support:localbroadcastmanager:28.0.0] AndroidManifest.xml:17:1-22:12
MERGED from [com.android.support:print:28.0.0] AndroidManifest.xml:17:1-22:12
MERGED from [android.arch.lifecycle:viewmodel:1.1.1] AndroidManifest.xml:17:1-22:12
MERGED from [com.android.support:cardview-v7:28.0.0] AndroidManifest.xml:17:1-22:12
MERGED from [com.android.support:interpolator:28.0.0] AndroidManifest.xml:17:1-22:12
MERGED from [android.arch.lifecycle:livedata:1.1.1] AndroidManifest.xml:17:1-22:12
MERGED from [android.arch.lifecycle:livedata-core:1.1.1] AndroidManifest.xml:17:1-22:12
MERGED from [android.arch.core:runtime:1.1.1] AndroidManifest.xml:17:1-22:12
INJECTED from src\main\AndroidManifest.xml:2:1-77:12
INJECTED from src\main\AndroidManifest.xml:2:1-77:12
INJECTED from src\main\AndroidManifest.xml:2:1-77:12
	package
		ADDED from src\main\AndroidManifest.xml:4:5-37
		INJECTED from src\main\AndroidManifest.xml
		INJECTED from src\main\AndroidManifest.xml
	android:versionName
		ADDED from src\main\AndroidManifest.xml:6:5-30
		INJECTED from src\main\AndroidManifest.xml
		INJECTED from src\main\AndroidManifest.xml
	xmlns:tools
		ADDED from src\main\AndroidManifest.xml:3:5-51
	xmlns:android
		ADDED from src\main\AndroidManifest.xml:2:11-69
	android:versionCode
		ADDED from src\main\AndroidManifest.xml:5:5-28
		INJECTED from src\main\AndroidManifest.xml
		INJECTED from src\main\AndroidManifest.xml
application
ADDED from src\main\AndroidManifest.xml:8:5-75:19
MERGED from [com.android.support:design:28.0.0] AndroidManifest.xml:22:5-20
MERGED from [com.android.support:design:28.0.0] AndroidManifest.xml:22:5-20
MERGED from [com.lxj:xpermission:1.0.1] AndroidManifest.xml:11:5-20:19
MERGED from [com.lxj:xpermission:1.0.1] AndroidManifest.xml:11:5-20:19
MERGED from [com.android.support:support-compat:28.0.0] AndroidManifest.xml:22:5-94
MERGED from [com.android.support:support-compat:28.0.0] AndroidManifest.xml:22:5-94
MERGED from [com.android.support:versionedparcelable:28.0.0] AndroidManifest.xml:22:5-23:19
MERGED from [com.android.support:versionedparcelable:28.0.0] AndroidManifest.xml:22:5-23:19
	android:appComponentFactory
		ADDED from [com.android.support:support-compat:28.0.0] AndroidManifest.xml:22:18-91
	android:label
		ADDED from src\main\AndroidManifest.xml:11:9-41
	tools:ignore
		ADDED from src\main\AndroidManifest.xml:13:9-48
	android:icon
		ADDED from src\main\AndroidManifest.xml:10:9-45
	android:allowBackup
		ADDED from src\main\AndroidManifest.xml:9:9-35
	android:theme
		ADDED from src\main\AndroidManifest.xml:12:9-40
activity#com.briup.controller.WelcomeActivity
ADDED from src\main\AndroidManifest.xml:14:9-22:20
	android:label
		ADDED from src\main\AndroidManifest.xml:16:13-45
	android:name
		ADDED from src\main\AndroidManifest.xml:15:13-64
intent-filter#action:name:android.intent.action.MAIN+category:name:android.intent.category.LAUNCHER
ADDED from src\main\AndroidManifest.xml:17:13-21:29
action#android.intent.action.MAIN
ADDED from src\main\AndroidManifest.xml:18:17-69
	android:name
		ADDED from src\main\AndroidManifest.xml:18:25-66
category#android.intent.category.LAUNCHER
ADDED from src\main\AndroidManifest.xml:20:17-77
	android:name
		ADDED from src\main\AndroidManifest.xml:20:27-74
activity#com.briup.controller.IndexActivity
ADDED from src\main\AndroidManifest.xml:23:9-25:69
	android:label
		ADDED from src\main\AndroidManifest.xml:25:13-57
	android:name
		ADDED from src\main\AndroidManifest.xml:24:13-62
activity#com.briup.controller.LoginActivity
ADDED from src\main\AndroidManifest.xml:26:9-28:69
	android:label
		ADDED from src\main\AndroidManifest.xml:28:13-57
	android:name
		ADDED from src\main\AndroidManifest.xml:27:13-62
activity#com.briup.controller.RegisterActivity
ADDED from src\main\AndroidManifest.xml:29:9-31:72
	android:label
		ADDED from src\main\AndroidManifest.xml:31:13-60
	android:name
		ADDED from src\main\AndroidManifest.xml:30:13-65
activity#com.briup.controller.MainActivity
ADDED from src\main\AndroidManifest.xml:32:9-34:75
	android:label
		ADDED from src\main\AndroidManifest.xml:34:13-63
	android:name
		ADDED from src\main\AndroidManifest.xml:33:13-61
activity#com.briup.controller.AddDialogActivity
ADDED from src\main\AndroidManifest.xml:36:9-38:74
	android:label
		ADDED from src\main\AndroidManifest.xml:38:13-62
	android:name
		ADDED from src\main\AndroidManifest.xml:37:13-66
activity#com.briup.controller.DecDialogActivity
ADDED from src\main\AndroidManifest.xml:39:9-41:74
	android:label
		ADDED from src\main\AndroidManifest.xml:41:13-62
	android:name
		ADDED from src\main\AndroidManifest.xml:40:13-66
activity#com.briup.controller.UpdateInfoActivity
ADDED from src\main\AndroidManifest.xml:42:9-44:75
	android:label
		ADDED from src\main\AndroidManifest.xml:44:13-63
	android:name
		ADDED from src\main\AndroidManifest.xml:43:13-67
activity#com.briup.controller.UpdatePwdActivity
ADDED from src\main\AndroidManifest.xml:45:9-48:68
	android:label
		ADDED from src\main\AndroidManifest.xml:47:13-62
	android:theme
		ADDED from src\main\AndroidManifest.xml:48:13-56
	android:name
		ADDED from src\main\AndroidManifest.xml:46:13-66
activity#com.briup.controller.TodayMingxiActivity
ADDED from src\main\AndroidManifest.xml:49:9-51:76
	android:label
		ADDED from src\main\AndroidManifest.xml:51:13-64
	android:name
		ADDED from src\main\AndroidManifest.xml:50:13-68
activity#com.briup.controller.WeekMingxiActivity
ADDED from src\main\AndroidManifest.xml:52:9-54:75
	android:label
		ADDED from src\main\AndroidManifest.xml:54:13-63
	android:name
		ADDED from src\main\AndroidManifest.xml:53:13-67
activity#com.briup.controller.MonthMingxiActivity
ADDED from src\main\AndroidManifest.xml:55:9-57:76
	android:label
		ADDED from src\main\AndroidManifest.xml:57:13-64
	android:name
		ADDED from src\main\AndroidManifest.xml:56:13-68
activity#com.briup.controller.YearMingxiActivity
ADDED from src\main\AndroidManifest.xml:58:9-60:75
	android:label
		ADDED from src\main\AndroidManifest.xml:60:13-63
	android:name
		ADDED from src\main\AndroidManifest.xml:59:13-67
activity#com.briup.controller.UpdateRecordActivity
ADDED from src\main\AndroidManifest.xml:61:9-63:77
	android:label
		ADDED from src\main\AndroidManifest.xml:63:13-65
	android:name
		ADDED from src\main\AndroidManifest.xml:62:13-69
activity#com.briup.controller.ShowTixingActivity
ADDED from src\main\AndroidManifest.xml:64:9-67:68
	android:label
		ADDED from src\main\AndroidManifest.xml:66:13-63
	android:theme
		ADDED from src\main\AndroidManifest.xml:67:13-56
	android:name
		ADDED from src\main\AndroidManifest.xml:65:13-67
activity#com.briup.controller.MessageListActivity
ADDED from src\main\AndroidManifest.xml:68:9-77
	android:name
		ADDED from src\main\AndroidManifest.xml:68:19-74
receiver#com.briup.controller.TixingBroadReceiver
ADDED from src\main\AndroidManifest.xml:70:9-74:20
	android:name
		ADDED from src\main\AndroidManifest.xml:70:19-74
intent-filter#action:name:WAKEUP
ADDED from src\main\AndroidManifest.xml:71:13-73:29
action#WAKEUP
ADDED from src\main\AndroidManifest.xml:72:17-49
	android:name
		ADDED from src\main\AndroidManifest.xml:72:25-46
uses-sdk
INJECTED from src\main\AndroidManifest.xml reason: use-sdk injection requested
INJECTED from src\main\AndroidManifest.xml
INJECTED from src\main\AndroidManifest.xml
MERGED from [com.lxj:xpopup:1.8.8] AndroidManifest.xml:7:5-9:41
MERGED from [com.lxj:xpopup:1.8.8] AndroidManifest.xml:7:5-9:41
MERGED from [com.android.support:design:28.0.0] AndroidManifest.xml:20:5-44
MERGED from [com.android.support:design:28.0.0] AndroidManifest.xml:20:5-44
MERGED from [com.lxj:easyadapter:1.1.1] AndroidManifest.xml:7:5-9:41
MERGED from [com.lxj:easyadapter:1.1.1] AndroidManifest.xml:7:5-9:41
MERGED from [com.lxj:xpermission:1.0.1] AndroidManifest.xml:7:5-9:41
MERGED from [com.lxj:xpermission:1.0.1] AndroidManifest.xml:7:5-9:41
MERGED from [com.android.support:appcompat-v7:28.0.0] AndroidManifest.xml:20:5-44
MERGED from [com.android.support:appcompat-v7:28.0.0] AndroidManifest.xml:20:5-44
MERGED from [com.android.support:recyclerview-v7:28.0.0] AndroidManifest.xml:20:5-44
MERGED from [com.android.support:recyclerview-v7:28.0.0] AndroidManifest.xml:20:5-44
MERGED from [com.android.support:support-fragment:28.0.0] AndroidManifest.xml:20:5-44
MERGED from [com.android.support:support-fragment:28.0.0] AndroidManifest.xml:20:5-44
MERGED from [com.android.support:animated-vector-drawable:28.0.0] AndroidManifest.xml:20:5-44
MERGED from [com.android.support:animated-vector-drawable:28.0.0] AndroidManifest.xml:20:5-44
MERGED from [com.android.support:support-core-ui:28.0.0] AndroidManifest.xml:20:5-44
MERGED from [com.android.support:support-core-ui:28.0.0] AndroidManifest.xml:20:5-44
MERGED from [com.android.support:support-core-utils:28.0.0] AndroidManifest.xml:20:5-44
MERGED from [com.android.support:support-core-utils:28.0.0] AndroidManifest.xml:20:5-44
MERGED from [com.android.support:support-vector-drawable:28.0.0] AndroidManifest.xml:20:5-44
MERGED from [com.android.support:support-vector-drawable:28.0.0] AndroidManifest.xml:20:5-44
MERGED from [com.android.support:loader:28.0.0] AndroidManifest.xml:20:5-44
MERGED from [com.android.support:loader:28.0.0] AndroidManifest.xml:20:5-44
MERGED from [com.android.support:transition:28.0.0] AndroidManifest.xml:20:5-44
MERGED from [com.android.support:transition:28.0.0] AndroidManifest.xml:20:5-44
MERGED from [com.android.support:viewpager:28.0.0] AndroidManifest.xml:20:5-44
MERGED from [com.android.support:viewpager:28.0.0] AndroidManifest.xml:20:5-44
MERGED from [com.android.support:coordinatorlayout:28.0.0] AndroidManifest.xml:20:5-44
MERGED from [com.android.support:coordinatorlayout:28.0.0] AndroidManifest.xml:20:5-44
MERGED from [com.android.support:drawerlayout:28.0.0] AndroidManifest.xml:20:5-44
MERGED from [com.android.support:drawerlayout:28.0.0] AndroidManifest.xml:20:5-44
MERGED from [com.android.support:slidingpanelayout:28.0.0] AndroidManifest.xml:20:5-44
MERGED from [com.android.support:slidingpanelayout:28.0.0] AndroidManifest.xml:20:5-44
MERGED from [com.android.support:customview:28.0.0] AndroidManifest.xml:20:5-44
MERGED from [com.android.support:customview:28.0.0] AndroidManifest.xml:20:5-44
MERGED from [com.android.support:swiperefreshlayout:28.0.0] AndroidManifest.xml:20:5-44
MERGED from [com.android.support:swiperefreshlayout:28.0.0] AndroidManifest.xml:20:5-44
MERGED from [com.android.support:asynclayoutinflater:28.0.0] AndroidManifest.xml:20:5-44
MERGED from [com.android.support:asynclayoutinflater:28.0.0] AndroidManifest.xml:20:5-44
MERGED from [com.android.support:support-compat:28.0.0] AndroidManifest.xml:20:5-44
MERGED from [com.android.support:support-compat:28.0.0] AndroidManifest.xml:20:5-44
MERGED from [com.android.support:versionedparcelable:28.0.0] AndroidManifest.xml:20:5-44
MERGED from [com.android.support:versionedparcelable:28.0.0] AndroidManifest.xml:20:5-44
MERGED from [com.android.support:cursoradapter:28.0.0] AndroidManifest.xml:20:5-44
MERGED from [com.android.support:cursoradapter:28.0.0] AndroidManifest.xml:20:5-44
MERGED from [android.arch.lifecycle:runtime:1.1.1] AndroidManifest.xml:20:5-44
MERGED from [android.arch.lifecycle:runtime:1.1.1] AndroidManifest.xml:20:5-44
MERGED from [com.android.support:documentfile:28.0.0] AndroidManifest.xml:20:5-44
MERGED from [com.android.support:documentfile:28.0.0] AndroidManifest.xml:20:5-44
MERGED from [com.android.support:localbroadcastmanager:28.0.0] AndroidManifest.xml:20:5-44
MERGED from [com.android.support:localbroadcastmanager:28.0.0] AndroidManifest.xml:20:5-44
MERGED from [com.android.support:print:28.0.0] AndroidManifest.xml:20:5-44
MERGED from [com.android.support:print:28.0.0] AndroidManifest.xml:20:5-44
MERGED from [android.arch.lifecycle:viewmodel:1.1.1] AndroidManifest.xml:20:5-44
MERGED from [android.arch.lifecycle:viewmodel:1.1.1] AndroidManifest.xml:20:5-44
MERGED from [com.android.support:cardview-v7:28.0.0] AndroidManifest.xml:20:5-44
MERGED from [com.android.support:cardview-v7:28.0.0] AndroidManifest.xml:20:5-44
MERGED from [com.android.support:interpolator:28.0.0] AndroidManifest.xml:20:5-44
MERGED from [com.android.support:interpolator:28.0.0] AndroidManifest.xml:20:5-44
MERGED from [android.arch.lifecycle:livedata:1.1.1] AndroidManifest.xml:20:5-44
MERGED from [android.arch.lifecycle:livedata:1.1.1] AndroidManifest.xml:20:5-44
MERGED from [android.arch.lifecycle:livedata-core:1.1.1] AndroidManifest.xml:20:5-44
MERGED from [android.arch.lifecycle:livedata-core:1.1.1] AndroidManifest.xml:20:5-44
MERGED from [android.arch.core:runtime:1.1.1] AndroidManifest.xml:20:5-44
MERGED from [android.arch.core:runtime:1.1.1] AndroidManifest.xml:20:5-44
INJECTED from src\main\AndroidManifest.xml
INJECTED from src\main\AndroidManifest.xml
	android:targetSdkVersion
		INJECTED from src\main\AndroidManifest.xml
		ADDED from src\main\AndroidManifest.xml
		INJECTED from src\main\AndroidManifest.xml
	android:minSdkVersion
		INJECTED from src\main\AndroidManifest.xml
		ADDED from src\main\AndroidManifest.xml
		INJECTED from src\main\AndroidManifest.xml
meta-data#android.notch_support
ADDED from [com.lxj:xpermission:1.0.1] AndroidManifest.xml:12:9-14:36
	android:value
		ADDED from [com.lxj:xpermission:1.0.1] AndroidManifest.xml:14:13-33
	android:name
		ADDED from [com.lxj:xpermission:1.0.1] AndroidManifest.xml:13:13-49
activity#com.lxj.xpermission.XPermission$PermissionActivity
ADDED from [com.lxj:xpermission:1.0.1] AndroidManifest.xml:17:9-19:75
	android:theme
		ADDED from [com.lxj:xpermission:1.0.1] AndroidManifest.xml:19:13-72
	android:name
		ADDED from [com.lxj:xpermission:1.0.1] AndroidManifest.xml:18:13-78